2021-09-01 11:18:36.158  INFO 1 --- [main] o.s.s.petclinic.PetClinicApplication     : Starting PetClinicApplication on 548fca1f7e6c with PID 1 (/spring-petclinic-reactjs/target/classes started by root in /spring-petclinic-reactjs)
2021-09-01 11:18:36.163  INFO 1 --- [main] o.s.s.petclinic.PetClinicApplication     : The following profiles are active: production
2021-09-01 11:18:36.216  INFO 1 --- [main] ationConfigEmbeddedWebApplicationContext : Refreshing org.springframework.boot.context.embedded.AnnotationConfigEmbeddedWebApplicationContext@3291cab3: startup date [Wed Sep 01 11:18:36 GMT 2021]; root of context hierarchy
2021-09-01 11:18:39.684  INFO 1 --- [main] trationDelegate$BeanPostProcessorChecker : Bean 'org.springframework.transaction.annotation.ProxyTransactionManagementConfiguration' of type [class org.springframework.transaction.annotation.ProxyTransactionManagementConfiguration$$EnhancerBySpringCGLIB$$e61e017d] is not eligible for getting processed by all BeanPostProcessors (for example: not eligible for auto-proxying)
2021-09-01 11:18:39.736  INFO 1 --- [main] trationDelegate$BeanPostProcessorChecker : Bean 'org.springframework.cache.jcache.config.ProxyJCacheConfiguration' of type [class org.springframework.cache.jcache.config.ProxyJCacheConfiguration$$EnhancerBySpringCGLIB$$865c3fb] is not eligible for getting processed by all BeanPostProcessors (for example: not eligible for auto-proxying)
2021-09-01 11:18:39.791  INFO 1 --- [main] trationDelegate$BeanPostProcessorChecker : Bean 'org.springframework.cache.annotation.ProxyCachingConfiguration' of type [class org.springframework.cache.annotation.ProxyCachingConfiguration$$EnhancerBySpringCGLIB$$2f30379b] is not eligible for getting processed by all BeanPostProcessors (for example: not eligible for auto-proxying)
2021-09-01 11:18:39.838  INFO 1 --- [main] trationDelegate$BeanPostProcessorChecker : Bean 'org.springframework.boot.autoconfigure.cache.CacheAutoConfiguration' of type [class org.springframework.boot.autoconfigure.cache.CacheAutoConfiguration$$EnhancerBySpringCGLIB$$23a3fc3f] is not eligible for getting processed by all BeanPostProcessors (for example: not eligible for auto-proxying)
2021-09-01 11:18:40.062  INFO 1 --- [main] trationDelegate$BeanPostProcessorChecker : Bean 'spring.cache-org.springframework.boot.autoconfigure.cache.CacheProperties' of type [class org.springframework.boot.autoconfigure.cache.CacheProperties] is not eligible for getting processed by all BeanPostProcessors (for example: not eligible for auto-proxying)
2021-09-01 11:18:40.074  INFO 1 --- [main] trationDelegate$BeanPostProcessorChecker : Bean 'org.springframework.boot.autoconfigure.cache.CacheManagerCustomizers' of type [class org.springframework.boot.autoconfigure.cache.CacheManagerCustomizers] is not eligible for getting processed by all BeanPostProcessors (for example: not eligible for auto-proxying)
2021-09-01 11:18:40.084  INFO 1 --- [main] trationDelegate$BeanPostProcessorChecker : Bean 'cacheConfig' of type [class org.springframework.samples.petclinic.config.CacheConfig$$EnhancerBySpringCGLIB$$8a7c342d] is not eligible for getting processed by all BeanPostProcessors (for example: not eligible for auto-proxying)
2021-09-01 11:18:40.094  INFO 1 --- [main] trationDelegate$BeanPostProcessorChecker : Bean 'cacheManagerCustomizer' of type [class org.springframework.samples.petclinic.config.CacheConfig$1] is not eligible for getting processed by all BeanPostProcessors (for example: not eligible for auto-proxying)
2021-09-01 11:18:40.101  INFO 1 --- [main] trationDelegate$BeanPostProcessorChecker : Bean 'org.springframework.boot.autoconfigure.cache.JCacheCacheConfiguration' of type [class org.springframework.boot.autoconfigure.cache.JCacheCacheConfiguration$$EnhancerBySpringCGLIB$$b4672be6] is not eligible for getting processed by all BeanPostProcessors (for example: not eligible for auto-proxying)
2021-09-01 11:18:40.361  INFO 1 --- [main] org.ehcache.core.EhcacheManager          : Cache 'vets' created in EhcacheManager.
2021-09-01 11:18:40.382  INFO 1 --- [main] trationDelegate$BeanPostProcessorChecker : Bean 'jCacheCacheManager' of type [class org.ehcache.jsr107.Eh107CacheManager] is not eligible for getting processed by all BeanPostProcessors (for example: not eligible for auto-proxying)
2021-09-01 11:18:40.400  INFO 1 --- [main] org.ehcache.jsr107.Eh107CacheManager     : Registering Ehcache MBean javax.cache:type=CacheStatistics,CacheManager=urn.X-ehcache.jsr107-default-config,Cache=vets
2021-09-01 11:18:40.405  INFO 1 --- [main] trationDelegate$BeanPostProcessorChecker : Bean 'cacheManager' of type [class org.springframework.cache.jcache.JCacheCacheManager] is not eligible for getting processed by all BeanPostProcessors (for example: not eligible for auto-proxying)
2021-09-01 11:18:40.407  INFO 1 --- [main] trationDelegate$BeanPostProcessorChecker : Bean 'cacheAutoConfigurationValidator' of type [class org.springframework.boot.autoconfigure.cache.CacheAutoConfiguration$CacheManagerValidator] is not eligible for getting processed by all BeanPostProcessors (for example: not eligible for auto-proxying)
2021-09-01 11:18:41.298  INFO 1 --- [main] s.b.c.e.t.TomcatEmbeddedServletContainer : Tomcat initialized with port(s): 8080 (http)
2021-09-01 11:18:41.331  INFO 1 --- [main] o.apache.catalina.core.StandardService   : Starting service Tomcat
2021-09-01 11:18:41.339  INFO 1 --- [main] org.apache.catalina.core.StandardEngine  : Starting Servlet Engine: Apache Tomcat/8.5.4
2021-09-01 11:18:42.028  INFO 1 --- [localhost-startStop-1] org.apache.jasper.servlet.TldScanner     : At least one JAR was scanned for TLDs yet contained no TLDs. Enable debug logging for this logger for a complete list of JARs that were scanned but no TLDs were found in them. Skipping unneeded JARs during scanning can improve startup time and JSP compilation time.
2021-09-01 11:18:42.048  INFO 1 --- [localhost-startStop-1] o.a.c.c.C.[Tomcat].[localhost].[/]       : Initializing Spring embedded WebApplicationContext
2021-09-01 11:18:42.048  INFO 1 --- [localhost-startStop-1] o.s.web.context.ContextLoader            : Root WebApplicationContext: initialization completed in 5832 ms
2021-09-01 11:18:42.460  INFO 1 --- [localhost-startStop-1] o.s.b.w.servlet.ServletRegistrationBean  : Mapping servlet: 'dispatcherServlet' to [/]
2021-09-01 11:18:42.464  INFO 1 --- [localhost-startStop-1] o.s.b.w.servlet.FilterRegistrationBean   : Mapping filter: 'metricFilter' to: [/*]
2021-09-01 11:18:42.465  INFO 1 --- [localhost-startStop-1] o.s.b.w.servlet.FilterRegistrationBean   : Mapping filter: 'characterEncodingFilter' to: [/*]
2021-09-01 11:18:42.465  INFO 1 --- [localhost-startStop-1] o.s.b.w.servlet.FilterRegistrationBean   : Mapping filter: 'hiddenHttpMethodFilter' to: [/*]
2021-09-01 11:18:42.465  INFO 1 --- [localhost-startStop-1] o.s.b.w.servlet.FilterRegistrationBean   : Mapping filter: 'httpPutFormContentFilter' to: [/*]
2021-09-01 11:18:42.465  INFO 1 --- [localhost-startStop-1] o.s.b.w.servlet.FilterRegistrationBean   : Mapping filter: 'requestContextFilter' to: [/*]
2021-09-01 11:18:42.466  INFO 1 --- [localhost-startStop-1] o.s.b.w.servlet.FilterRegistrationBean   : Mapping filter: 'webRequestLoggingFilter' to: [/*]
2021-09-01 11:18:42.466  INFO 1 --- [localhost-startStop-1] o.s.b.w.servlet.FilterRegistrationBean   : Mapping filter: 'applicationContextIdFilter' to: [/*]
2021-09-01 11:18:43.508  INFO 1 --- [main] o.s.jdbc.datasource.init.ScriptUtils     : Executing SQL script from URL [file:/spring-petclinic-reactjs/target/classes/db/hsqldb/schema.sql]
2021-09-01 11:18:43.545  INFO 1 --- [main] o.s.jdbc.datasource.init.ScriptUtils     : Executed SQL script from URL [file:/spring-petclinic-reactjs/target/classes/db/hsqldb/schema.sql] in 26 ms.
2021-09-01 11:18:43.550  INFO 1 --- [main] o.s.jdbc.datasource.init.ScriptUtils     : Executing SQL script from URL [file:/spring-petclinic-reactjs/target/classes/db/hsqldb/data.sql]
2021-09-01 11:18:43.583  INFO 1 --- [main] o.s.jdbc.datasource.init.ScriptUtils     : Executed SQL script from URL [file:/spring-petclinic-reactjs/target/classes/db/hsqldb/data.sql] in 31 ms.
2021-09-01 11:18:43.709  INFO 1 --- [main] j.LocalContainerEntityManagerFactoryBean : Building JPA container EntityManagerFactory for persistence unit 'default'
2021-09-01 11:18:43.734  INFO 1 --- [main] o.hibernate.jpa.internal.util.LogHelper  : HHH000204: Processing PersistenceUnitInfo [
	name: default
	...]
2021-09-01 11:18:43.883  INFO 1 --- [main] org.hibernate.Version                    : HHH000412: Hibernate Core {5.0.9.Final}
2021-09-01 11:18:43.884  INFO 1 --- [main] org.hibernate.cfg.Environment            : HHH000206: hibernate.properties not found
2021-09-01 11:18:43.887  INFO 1 --- [main] org.hibernate.cfg.Environment            : HHH000021: Bytecode provider name : javassist
2021-09-01 11:18:43.946  INFO 1 --- [main] o.hibernate.annotations.common.Version   : HCANN000001: Hibernate Commons Annotations {5.0.1.Final}
2021-09-01 11:18:44.145  INFO 1 --- [main] org.hibernate.dialect.Dialect            : HHH000400: Using dialect: org.hibernate.dialect.HSQLDialect
2021-09-01 11:18:44.892  INFO 1 --- [main] j.LocalContainerEntityManagerFactoryBean : Initialized JPA EntityManagerFactory for persistence unit 'default'
2021-09-01 11:18:45.440  INFO 1 --- [main] o.h.h.i.QueryTranslatorFactoryInitiator  : HHH000397: Using ASTQueryTranslatorFactory
2021-09-01 11:18:47.161  INFO 1 --- [main] s.w.s.m.m.a.RequestMappingHandlerAdapter : Looking for @ControllerAdvice: org.springframework.boot.context.embedded.AnnotationConfigEmbeddedWebApplicationContext@3291cab3: startup date [Wed Sep 01 11:18:36 GMT 2021]; root of context hierarchy
2021-09-01 11:18:47.379  INFO 1 --- [main] s.w.s.m.m.a.RequestMappingHandlerMapping : Mapped "{[/oups],methods=[GET]}" onto public java.lang.String org.springframework.samples.petclinic.web.CrashController.triggerException()
2021-09-01 11:18:47.380  INFO 1 --- [main] s.w.s.m.m.a.RequestMappingHandlerMapping : Mapped "{[/error]}" onto public java.lang.String org.springframework.samples.petclinic.web.CustomErrorController.error()
2021-09-01 11:18:47.382  INFO 1 --- [main] s.w.s.m.m.a.RequestMappingHandlerMapping : Mapped "{[/owners/new],methods=[GET]}" onto public java.lang.String org.springframework.samples.petclinic.web.OwnerController.initCreationForm(java.util.Map<java.lang.String, java.lang.Object>)
2021-09-01 11:18:47.383  INFO 1 --- [main] s.w.s.m.m.a.RequestMappingHandlerMapping : Mapped "{[/owners/new],methods=[POST]}" onto public java.lang.String org.springframework.samples.petclinic.web.OwnerController.processCreationForm(org.springframework.samples.petclinic.model.Owner,org.springframework.validation.BindingResult)
2021-09-01 11:18:47.383  INFO 1 --- [main] s.w.s.m.m.a.RequestMappingHandlerMapping : Mapped "{[/owners/find],methods=[GET]}" onto public java.lang.String org.springframework.samples.petclinic.web.OwnerController.initFindForm(java.util.Map<java.lang.String, java.lang.Object>)
2021-09-01 11:18:47.383  INFO 1 --- [main] s.w.s.m.m.a.RequestMappingHandlerMapping : Mapped "{[/owners],methods=[GET]}" onto public java.lang.String org.springframework.samples.petclinic.web.OwnerController.processFindForm(org.springframework.samples.petclinic.model.Owner,org.springframework.validation.BindingResult,java.util.Map<java.lang.String, java.lang.Object>)
2021-09-01 11:18:47.384  INFO 1 --- [main] s.w.s.m.m.a.RequestMappingHandlerMapping : Mapped "{[/owners/{ownerId}/edit],methods=[GET]}" onto public java.lang.String org.springframework.samples.petclinic.web.OwnerController.initUpdateOwnerForm(int,org.springframework.ui.Model)
2021-09-01 11:18:47.384  INFO 1 --- [main] s.w.s.m.m.a.RequestMappingHandlerMapping : Mapped "{[/owners/{ownerId}/edit],methods=[POST]}" onto public java.lang.String org.springframework.samples.petclinic.web.OwnerController.processUpdateOwnerForm(org.springframework.samples.petclinic.model.Owner,org.springframework.validation.BindingResult,int)
2021-09-01 11:18:47.384  INFO 1 --- [main] s.w.s.m.m.a.RequestMappingHandlerMapping : Mapped "{[/owners/{ownerId}]}" onto public org.springframework.web.servlet.ModelAndView org.springframework.samples.petclinic.web.OwnerController.showOwner(int)
2021-09-01 11:18:47.386  INFO 1 --- [main] s.w.s.m.m.a.RequestMappingHandlerMapping : Mapped "{[/owners/{ownerId}/pets/new],methods=[GET]}" onto public java.lang.String org.springframework.samples.petclinic.web.PetController.initCreationForm(org.springframework.samples.petclinic.model.Owner,org.springframework.ui.ModelMap)
2021-09-01 11:18:47.387  INFO 1 --- [main] s.w.s.m.m.a.RequestMappingHandlerMapping : Mapped "{[/owners/{ownerId}/pets/{petId}/edit],methods=[GET]}" onto public java.lang.String org.springframework.samples.petclinic.web.PetController.initUpdateForm(int,org.springframework.ui.ModelMap)
2021-09-01 11:18:47.387  INFO 1 --- [main] s.w.s.m.m.a.RequestMappingHandlerMapping : Mapped "{[/owners/{ownerId}/pets/{petId}/edit],methods=[POST]}" onto public java.lang.String org.springframework.samples.petclinic.web.PetController.processUpdateForm(org.springframework.samples.petclinic.model.Pet,org.springframework.validation.BindingResult,org.springframework.samples.petclinic.model.Owner,org.springframework.ui.ModelMap)
2021-09-01 11:18:47.388  INFO 1 --- [main] s.w.s.m.m.a.RequestMappingHandlerMapping : Mapped "{[/owners/{ownerId}/pets/new],methods=[POST]}" onto public java.lang.String org.springframework.samples.petclinic.web.PetController.processCreationForm(org.springframework.samples.petclinic.model.Owner,org.springframework.samples.petclinic.model.Pet,org.springframework.validation.BindingResult,org.springframework.ui.ModelMap)
2021-09-01 11:18:47.389  INFO 1 --- [main] s.w.s.m.m.a.RequestMappingHandlerMapping : Mapped "{[/vets.html]}" onto public java.lang.String org.springframework.samples.petclinic.web.VetController.showVetList(java.util.Map<java.lang.String, java.lang.Object>)
2021-09-01 11:18:47.389  INFO 1 --- [main] s.w.s.m.m.a.RequestMappingHandlerMapping : Mapped "{[/vets.json || /vets.xml]}" onto public org.springframework.samples.petclinic.model.Vets org.springframework.samples.petclinic.web.VetController.showResourcesVetList()
2021-09-01 11:18:47.392  INFO 1 --- [main] s.w.s.m.m.a.RequestMappingHandlerMapping : Mapped "{[/owners/*/pets/{petId}/visits],methods=[GET]}" onto public java.lang.String org.springframework.samples.petclinic.web.VisitController.showVisits(int,java.util.Map<java.lang.String, java.lang.Object>)
2021-09-01 11:18:47.392  INFO 1 --- [main] s.w.s.m.m.a.RequestMappingHandlerMapping : Mapped "{[/owners/*/pets/{petId}/visits/new],methods=[GET]}" onto public java.lang.String org.springframework.samples.petclinic.web.VisitController.initNewVisitForm(int,java.util.Map<java.lang.String, java.lang.Object>)
2021-09-01 11:18:47.393  INFO 1 --- [main] s.w.s.m.m.a.RequestMappingHandlerMapping : Mapped "{[/owners/{ownerId}/pets/{petId}/visits/new],methods=[POST]}" onto public java.lang.String org.springframework.samples.petclinic.web.VisitController.processNewVisitForm(org.springframework.samples.petclinic.model.Visit,org.springframework.validation.BindingResult)
2021-09-01 11:18:47.393  INFO 1 --- [main] s.w.s.m.m.a.RequestMappingHandlerMapping : Mapped "{[/]}" onto public java.lang.String org.springframework.samples.petclinic.web.WelcomeController.welcome()
2021-09-01 11:18:47.396  INFO 1 --- [main] s.w.s.m.m.a.RequestMappingHandlerMapping : Mapped "{[/api/oups],methods=[GET]}" onto java.lang.String org.springframework.samples.petclinic.web.api.FailingApiController.failingRequest()
2021-09-01 11:18:47.400  INFO 1 --- [main] s.w.s.m.m.a.RequestMappingHandlerMapping : Mapped "{[/api/owner/{ownerId}],methods=[GET]}" onto public org.springframework.samples.petclinic.model.Owner org.springframework.samples.petclinic.web.api.OwnerResource.findOwner(int)
2021-09-01 11:18:47.400  INFO 1 --- [main] s.w.s.m.m.a.RequestMappingHandlerMapping : Mapped "{[/api/owner/list],methods=[GET]}" onto public java.util.Collection<org.springframework.samples.petclinic.model.Owner> org.springframework.samples.petclinic.web.api.OwnerResource.findOwnerCollection(java.lang.String)
2021-09-01 11:18:47.401  INFO 1 --- [main] s.w.s.m.m.a.RequestMappingHandlerMapping : Mapped "{[/api/owner/{ownerId}],methods=[PUT]}" onto public org.springframework.samples.petclinic.model.Owner org.springframework.samples.petclinic.web.api.OwnerResource.updateOwner(int,org.springframework.samples.petclinic.model.Owner,org.springframework.validation.BindingResult)
2021-09-01 11:18:47.402  INFO 1 --- [main] s.w.s.m.m.a.RequestMappingHandlerMapping : Mapped "{[/api/owner],methods=[POST]}" onto public org.springframework.samples.petclinic.model.Owner org.springframework.samples.petclinic.web.api.OwnerResource.createOwner(org.springframework.samples.petclinic.model.Owner,org.springframework.validation.BindingResult)
2021-09-01 11:18:47.409  INFO 1 --- [main] s.w.s.m.m.a.RequestMappingHandlerMapping : Mapped "{[/api/owners/{ownerId}/pets/{petId}],methods=[PUT]}" onto public void org.springframework.samples.petclinic.web.api.PetResource.processUpdateForm(int,org.springframework.samples.petclinic.web.api.PetRequest,org.springframework.validation.BindingResult)
2021-09-01 11:18:47.409  INFO 1 --- [main] s.w.s.m.m.a.RequestMappingHandlerMapping : Mapped "{[/api/pettypes],methods=[GET]}" onto java.lang.Object org.springframework.samples.petclinic.web.api.PetResource.getPetTypes()
2021-09-01 11:18:47.410  INFO 1 --- [main] s.w.s.m.m.a.RequestMappingHandlerMapping : Mapped "{[/api/owners/{ownerId}/pets],methods=[POST]}" onto public void org.springframework.samples.petclinic.web.api.PetResource.addNewPet(int,org.springframework.samples.petclinic.web.api.PetRequest,org.springframework.validation.BindingResult)
2021-09-01 11:18:47.411  INFO 1 --- [main] s.w.s.m.m.a.RequestMappingHandlerMapping : Mapped "{[/api/owners/*/pets/{petId}],methods=[GET]}" onto public org.springframework.samples.petclinic.web.api.PetRequest org.springframework.samples.petclinic.web.api.PetResource.findPet(int)
2021-09-01 11:18:47.412  INFO 1 --- [main] s.w.s.m.m.a.RequestMappingHandlerMapping : Mapped "{[/api/vets],methods=[GET]}" onto public java.util.Collection<org.springframework.samples.petclinic.model.Vet> org.springframework.samples.petclinic.web.api.VetResource.showResourcesVetList()
2021-09-01 11:18:47.413  INFO 1 --- [main] s.w.s.m.m.a.RequestMappingHandlerMapping : Mapped "{[/api/owners/{ownerId}/pets/{petId}/visits],methods=[POST]}" onto public void org.springframework.samples.petclinic.web.api.VisitResource.createÏ(int,org.springframework.samples.petclinic.model.Visit,org.springframework.validation.BindingResult)
2021-09-01 11:18:47.724  INFO 1 --- [main] o.s.w.s.handler.SimpleUrlHandlerMapping  : Mapped URL path [/webjars/**] onto handler of type [class org.springframework.web.servlet.resource.ResourceHttpRequestHandler]
2021-09-01 11:18:47.737  INFO 1 --- [main] o.s.w.s.handler.SimpleUrlHandlerMapping  : Mapped URL path [/**] onto handler of type [class org.springframework.web.servlet.resource.ResourceHttpRequestHandler]
2021-09-01 11:18:47.826  INFO 1 --- [main] .m.m.a.ExceptionHandlerExceptionResolver : Detected @ExceptionHandler methods in apiExceptionHandler
2021-09-01 11:18:47.936  INFO 1 --- [main] o.s.w.s.handler.SimpleUrlHandlerMapping  : Mapped URL path [/**/favicon.ico] onto handler of type [class org.springframework.web.servlet.resource.ResourceHttpRequestHandler]
2021-09-01 11:18:49.542  INFO 1 --- [main] o.s.b.a.e.mvc.EndpointHandlerMapping     : Mapped "{[/manage/autoconfig || /manage/autoconfig.json],methods=[GET],produces=[application/json]}" onto public java.lang.Object org.springframework.boot.actuate.endpoint.mvc.EndpointMvcAdapter.invoke()
2021-09-01 11:18:49.543  INFO 1 --- [main] o.s.b.a.e.mvc.EndpointHandlerMapping     : Mapped "{[/manage/logfile || /manage/logfile.json],methods=[GET || HEAD]}" onto public void org.springframework.boot.actuate.endpoint.mvc.LogFileMvcEndpoint.invoke(javax.servlet.http.HttpServletRequest,javax.servlet.http.HttpServletResponse) throws javax.servlet.ServletException,java.io.IOException
2021-09-01 11:18:49.544  INFO 1 --- [main] o.s.b.a.e.mvc.EndpointHandlerMapping     : Mapped "{[/manage/mappings || /manage/mappings.json],methods=[GET],produces=[application/json]}" onto public java.lang.Object org.springframework.boot.actuate.endpoint.mvc.EndpointMvcAdapter.invoke()
2021-09-01 11:18:49.545  INFO 1 --- [main] o.s.b.a.e.mvc.EndpointHandlerMapping     : Mapped "{[/manage/configprops || /manage/configprops.json],methods=[GET],produces=[application/json]}" onto public java.lang.Object org.springframework.boot.actuate.endpoint.mvc.EndpointMvcAdapter.invoke()
2021-09-01 11:18:49.545  INFO 1 --- [main] o.s.b.a.e.mvc.EndpointHandlerMapping     : Mapped "{[/manage/heapdump || /manage/heapdump.json],methods=[GET],produces=[application/octet-stream]}" onto public void org.springframework.boot.actuate.endpoint.mvc.HeapdumpMvcEndpoint.invoke(boolean,javax.servlet.http.HttpServletRequest,javax.servlet.http.HttpServletResponse) throws java.io.IOException,javax.servlet.ServletException
2021-09-01 11:18:49.546  INFO 1 --- [main] o.s.b.a.e.mvc.EndpointHandlerMapping     : Mapped "{[/manage/beans || /manage/beans.json],methods=[GET],produces=[application/json]}" onto public java.lang.Object org.springframework.boot.actuate.endpoint.mvc.EndpointMvcAdapter.invoke()
2021-09-01 11:18:49.548  INFO 1 --- [main] o.s.b.a.e.mvc.EndpointHandlerMapping     : Mapped "{[/manage/dump || /manage/dump.json],methods=[GET],produces=[application/json]}" onto public java.lang.Object org.springframework.boot.actuate.endpoint.mvc.EndpointMvcAdapter.invoke()
2021-09-01 11:18:49.557  INFO 1 --- [main] o.s.b.a.e.mvc.EndpointHandlerMapping     : Mapped "{[/manage/metrics/{name:.*}],methods=[GET],produces=[application/json]}" onto public java.lang.Object org.springframework.boot.actuate.endpoint.mvc.MetricsMvcEndpoint.value(java.lang.String)
2021-09-01 11:18:49.557  INFO 1 --- [main] o.s.b.a.e.mvc.EndpointHandlerMapping     : Mapped "{[/manage/metrics || /manage/metrics.json],methods=[GET],produces=[application/json]}" onto public java.lang.Object org.springframework.boot.actuate.endpoint.mvc.EndpointMvcAdapter.invoke()
2021-09-01 11:18:49.558  INFO 1 --- [main] o.s.b.a.e.mvc.EndpointHandlerMapping     : Mapped "{[/manage/health || /manage/health.json],produces=[application/json]}" onto public java.lang.Object org.springframework.boot.actuate.endpoint.mvc.HealthMvcEndpoint.invoke(java.security.Principal)
2021-09-01 11:18:49.559  INFO 1 --- [main] o.s.b.a.e.mvc.EndpointHandlerMapping     : Mapped "{[/manage/trace || /manage/trace.json],methods=[GET],produces=[application/json]}" onto public java.lang.Object org.springframework.boot.actuate.endpoint.mvc.EndpointMvcAdapter.invoke()
2021-09-01 11:18:49.560  INFO 1 --- [main] o.s.b.a.e.mvc.EndpointHandlerMapping     : Mapped "{[/manage/env/{name:.*}],methods=[GET],produces=[application/json]}" onto public java.lang.Object org.springframework.boot.actuate.endpoint.mvc.EnvironmentMvcEndpoint.value(java.lang.String)
2021-09-01 11:18:49.561  INFO 1 --- [main] o.s.b.a.e.mvc.EndpointHandlerMapping     : Mapped "{[/manage/env || /manage/env.json],methods=[GET],produces=[application/json]}" onto public java.lang.Object org.springframework.boot.actuate.endpoint.mvc.EndpointMvcAdapter.invoke()
2021-09-01 11:18:49.562  INFO 1 --- [main] o.s.b.a.e.mvc.EndpointHandlerMapping     : Mapped "{[/manage/info || /manage/info.json],methods=[GET],produces=[application/json]}" onto public java.lang.Object org.springframework.boot.actuate.endpoint.mvc.EndpointMvcAdapter.invoke()
2021-09-01 11:18:49.990  INFO 1 --- [main] o.s.j.e.a.AnnotationMBeanExporter        : Registering beans for JMX exposure on startup
2021-09-01 11:18:50.019  INFO 1 --- [main] o.s.c.support.DefaultLifecycleProcessor  : Starting beans in phase 0
2021-09-01 11:18:50.308  INFO 1 --- [main] s.b.c.e.t.TomcatEmbeddedServletContainer : Tomcat started on port(s): 8080 (http)
2021-09-01 11:18:50.314  INFO 1 --- [main] o.s.s.petclinic.PetClinicApplication     : Started PetClinicApplication in 15.14 seconds (JVM running for 378.436)
2021-09-03 05:11:56.337  INFO 1 --- [main] o.s.s.petclinic.PetClinicApplication     : Starting PetClinicApplication on 548fca1f7e6c with PID 1 (/spring-petclinic-reactjs/target/classes started by root in /spring-petclinic-reactjs)
2021-09-03 05:11:56.352  INFO 1 --- [main] o.s.s.petclinic.PetClinicApplication     : The following profiles are active: production
2021-09-03 05:11:56.561  INFO 1 --- [main] ationConfigEmbeddedWebApplicationContext : Refreshing org.springframework.boot.context.embedded.AnnotationConfigEmbeddedWebApplicationContext@5cd76582: startup date [Fri Sep 03 05:11:56 GMT 2021]; root of context hierarchy
2021-09-03 05:12:03.482  INFO 1 --- [main] trationDelegate$BeanPostProcessorChecker : Bean 'org.springframework.transaction.annotation.ProxyTransactionManagementConfiguration' of type [class org.springframework.transaction.annotation.ProxyTransactionManagementConfiguration$$EnhancerBySpringCGLIB$$58f67c61] is not eligible for getting processed by all BeanPostProcessors (for example: not eligible for auto-proxying)
2021-09-03 05:12:03.537  INFO 1 --- [main] trationDelegate$BeanPostProcessorChecker : Bean 'org.springframework.cache.jcache.config.ProxyJCacheConfiguration' of type [class org.springframework.cache.jcache.config.ProxyJCacheConfiguration$$EnhancerBySpringCGLIB$$7b3e3edf] is not eligible for getting processed by all BeanPostProcessors (for example: not eligible for auto-proxying)
2021-09-03 05:12:03.597  INFO 1 --- [main] trationDelegate$BeanPostProcessorChecker : Bean 'org.springframework.cache.annotation.ProxyCachingConfiguration' of type [class org.springframework.cache.annotation.ProxyCachingConfiguration$$EnhancerBySpringCGLIB$$a208b27f] is not eligible for getting processed by all BeanPostProcessors (for example: not eligible for auto-proxying)
2021-09-03 05:12:03.634  INFO 1 --- [main] trationDelegate$BeanPostProcessorChecker : Bean 'org.springframework.boot.autoconfigure.cache.CacheAutoConfiguration' of type [class org.springframework.boot.autoconfigure.cache.CacheAutoConfiguration$$EnhancerBySpringCGLIB$$967c7723] is not eligible for getting processed by all BeanPostProcessors (for example: not eligible for auto-proxying)
2021-09-03 05:12:03.846  INFO 1 --- [main] trationDelegate$BeanPostProcessorChecker : Bean 'spring.cache-org.springframework.boot.autoconfigure.cache.CacheProperties' of type [class org.springframework.boot.autoconfigure.cache.CacheProperties] is not eligible for getting processed by all BeanPostProcessors (for example: not eligible for auto-proxying)
2021-09-03 05:12:03.860  INFO 1 --- [main] trationDelegate$BeanPostProcessorChecker : Bean 'org.springframework.boot.autoconfigure.cache.CacheManagerCustomizers' of type [class org.springframework.boot.autoconfigure.cache.CacheManagerCustomizers] is not eligible for getting processed by all BeanPostProcessors (for example: not eligible for auto-proxying)
2021-09-03 05:12:03.879  INFO 1 --- [main] trationDelegate$BeanPostProcessorChecker : Bean 'cacheConfig' of type [class org.springframework.samples.petclinic.config.CacheConfig$$EnhancerBySpringCGLIB$$fd54af11] is not eligible for getting processed by all BeanPostProcessors (for example: not eligible for auto-proxying)
2021-09-03 05:12:03.898  INFO 1 --- [main] trationDelegate$BeanPostProcessorChecker : Bean 'cacheManagerCustomizer' of type [class org.springframework.samples.petclinic.config.CacheConfig$1] is not eligible for getting processed by all BeanPostProcessors (for example: not eligible for auto-proxying)
2021-09-03 05:12:03.906  INFO 1 --- [main] trationDelegate$BeanPostProcessorChecker : Bean 'org.springframework.boot.autoconfigure.cache.JCacheCacheConfiguration' of type [class org.springframework.boot.autoconfigure.cache.JCacheCacheConfiguration$$EnhancerBySpringCGLIB$$273fa6ca] is not eligible for getting processed by all BeanPostProcessors (for example: not eligible for auto-proxying)
2021-09-03 05:12:04.145  INFO 1 --- [main] org.ehcache.core.EhcacheManager          : Cache 'vets' created in EhcacheManager.
2021-09-03 05:12:04.168  INFO 1 --- [main] trationDelegate$BeanPostProcessorChecker : Bean 'jCacheCacheManager' of type [class org.ehcache.jsr107.Eh107CacheManager] is not eligible for getting processed by all BeanPostProcessors (for example: not eligible for auto-proxying)
2021-09-03 05:12:04.178  INFO 1 --- [main] org.ehcache.jsr107.Eh107CacheManager     : Registering Ehcache MBean javax.cache:type=CacheStatistics,CacheManager=urn.X-ehcache.jsr107-default-config,Cache=vets
2021-09-03 05:12:04.183  INFO 1 --- [main] trationDelegate$BeanPostProcessorChecker : Bean 'cacheManager' of type [class org.springframework.cache.jcache.JCacheCacheManager] is not eligible for getting processed by all BeanPostProcessors (for example: not eligible for auto-proxying)
2021-09-03 05:12:04.184  INFO 1 --- [main] trationDelegate$BeanPostProcessorChecker : Bean 'cacheAutoConfigurationValidator' of type [class org.springframework.boot.autoconfigure.cache.CacheAutoConfiguration$CacheManagerValidator] is not eligible for getting processed by all BeanPostProcessors (for example: not eligible for auto-proxying)
2021-09-03 05:12:05.301  INFO 1 --- [main] s.b.c.e.t.TomcatEmbeddedServletContainer : Tomcat initialized with port(s): 8080 (http)
2021-09-03 05:12:05.319  INFO 1 --- [main] o.apache.catalina.core.StandardService   : Starting service Tomcat
2021-09-03 05:12:05.321  INFO 1 --- [main] org.apache.catalina.core.StandardEngine  : Starting Servlet Engine: Apache Tomcat/8.5.4
2021-09-03 05:12:06.103  INFO 1 --- [localhost-startStop-1] org.apache.jasper.servlet.TldScanner     : At least one JAR was scanned for TLDs yet contained no TLDs. Enable debug logging for this logger for a complete list of JARs that were scanned but no TLDs were found in them. Skipping unneeded JARs during scanning can improve startup time and JSP compilation time.
2021-09-03 05:12:06.111  INFO 1 --- [localhost-startStop-1] o.a.c.c.C.[Tomcat].[localhost].[/]       : Initializing Spring embedded WebApplicationContext
2021-09-03 05:12:06.111  INFO 1 --- [localhost-startStop-1] o.s.web.context.ContextLoader            : Root WebApplicationContext: initialization completed in 9550 ms
2021-09-03 05:12:06.782  INFO 1 --- [localhost-startStop-1] o.s.b.w.servlet.ServletRegistrationBean  : Mapping servlet: 'dispatcherServlet' to [/]
2021-09-03 05:12:06.798  INFO 1 --- [localhost-startStop-1] o.s.b.w.servlet.FilterRegistrationBean   : Mapping filter: 'metricFilter' to: [/*]
2021-09-03 05:12:06.798  INFO 1 --- [localhost-startStop-1] o.s.b.w.servlet.FilterRegistrationBean   : Mapping filter: 'characterEncodingFilter' to: [/*]
2021-09-03 05:12:06.799  INFO 1 --- [localhost-startStop-1] o.s.b.w.servlet.FilterRegistrationBean   : Mapping filter: 'hiddenHttpMethodFilter' to: [/*]
2021-09-03 05:12:06.803  INFO 1 --- [localhost-startStop-1] o.s.b.w.servlet.FilterRegistrationBean   : Mapping filter: 'httpPutFormContentFilter' to: [/*]
2021-09-03 05:12:06.804  INFO 1 --- [localhost-startStop-1] o.s.b.w.servlet.FilterRegistrationBean   : Mapping filter: 'requestContextFilter' to: [/*]
2021-09-03 05:12:06.805  INFO 1 --- [localhost-startStop-1] o.s.b.w.servlet.FilterRegistrationBean   : Mapping filter: 'webRequestLoggingFilter' to: [/*]
2021-09-03 05:12:06.805  INFO 1 --- [localhost-startStop-1] o.s.b.w.servlet.FilterRegistrationBean   : Mapping filter: 'applicationContextIdFilter' to: [/*]
2021-09-03 05:12:07.797  INFO 1 --- [main] o.s.jdbc.datasource.init.ScriptUtils     : Executing SQL script from URL [file:/spring-petclinic-reactjs/target/classes/db/hsqldb/schema.sql]
2021-09-03 05:12:07.814  INFO 1 --- [main] o.s.jdbc.datasource.init.ScriptUtils     : Executed SQL script from URL [file:/spring-petclinic-reactjs/target/classes/db/hsqldb/schema.sql] in 16 ms.
2021-09-03 05:12:07.818  INFO 1 --- [main] o.s.jdbc.datasource.init.ScriptUtils     : Executing SQL script from URL [file:/spring-petclinic-reactjs/target/classes/db/hsqldb/data.sql]
2021-09-03 05:12:07.834  INFO 1 --- [main] o.s.jdbc.datasource.init.ScriptUtils     : Executed SQL script from URL [file:/spring-petclinic-reactjs/target/classes/db/hsqldb/data.sql] in 15 ms.
2021-09-03 05:12:07.978  INFO 1 --- [main] j.LocalContainerEntityManagerFactoryBean : Building JPA container EntityManagerFactory for persistence unit 'default'
2021-09-03 05:12:08.010  INFO 1 --- [main] o.hibernate.jpa.internal.util.LogHelper  : HHH000204: Processing PersistenceUnitInfo [
	name: default
	...]
2021-09-03 05:12:08.214  INFO 1 --- [main] org.hibernate.Version                    : HHH000412: Hibernate Core {5.0.9.Final}
2021-09-03 05:12:08.216  INFO 1 --- [main] org.hibernate.cfg.Environment            : HHH000206: hibernate.properties not found
2021-09-03 05:12:08.219  INFO 1 --- [main] org.hibernate.cfg.Environment            : HHH000021: Bytecode provider name : javassist
2021-09-03 05:12:08.288  INFO 1 --- [main] o.hibernate.annotations.common.Version   : HCANN000001: Hibernate Commons Annotations {5.0.1.Final}
2021-09-03 05:12:08.538  INFO 1 --- [main] org.hibernate.dialect.Dialect            : HHH000400: Using dialect: org.hibernate.dialect.HSQLDialect
2021-09-03 05:12:09.470  INFO 1 --- [main] j.LocalContainerEntityManagerFactoryBean : Initialized JPA EntityManagerFactory for persistence unit 'default'
2021-09-03 05:12:10.325  INFO 1 --- [main] o.h.h.i.QueryTranslatorFactoryInitiator  : HHH000397: Using ASTQueryTranslatorFactory
2021-09-03 05:12:12.807  INFO 1 --- [main] s.w.s.m.m.a.RequestMappingHandlerAdapter : Looking for @ControllerAdvice: org.springframework.boot.context.embedded.AnnotationConfigEmbeddedWebApplicationContext@5cd76582: startup date [Fri Sep 03 05:11:56 GMT 2021]; root of context hierarchy
2021-09-03 05:12:13.026  INFO 1 --- [main] s.w.s.m.m.a.RequestMappingHandlerMapping : Mapped "{[/oups],methods=[GET]}" onto public java.lang.String org.springframework.samples.petclinic.web.CrashController.triggerException()
2021-09-03 05:12:13.028  INFO 1 --- [main] s.w.s.m.m.a.RequestMappingHandlerMapping : Mapped "{[/error]}" onto public java.lang.String org.springframework.samples.petclinic.web.CustomErrorController.error()
2021-09-03 05:12:13.030  INFO 1 --- [main] s.w.s.m.m.a.RequestMappingHandlerMapping : Mapped "{[/owners/new],methods=[GET]}" onto public java.lang.String org.springframework.samples.petclinic.web.OwnerController.initCreationForm(java.util.Map<java.lang.String, java.lang.Object>)
2021-09-03 05:12:13.031  INFO 1 --- [main] s.w.s.m.m.a.RequestMappingHandlerMapping : Mapped "{[/owners/new],methods=[POST]}" onto public java.lang.String org.springframework.samples.petclinic.web.OwnerController.processCreationForm(org.springframework.samples.petclinic.model.Owner,org.springframework.validation.BindingResult)
2021-09-03 05:12:13.032  INFO 1 --- [main] s.w.s.m.m.a.RequestMappingHandlerMapping : Mapped "{[/owners/find],methods=[GET]}" onto public java.lang.String org.springframework.samples.petclinic.web.OwnerController.initFindForm(java.util.Map<java.lang.String, java.lang.Object>)
2021-09-03 05:12:13.032  INFO 1 --- [main] s.w.s.m.m.a.RequestMappingHandlerMapping : Mapped "{[/owners],methods=[GET]}" onto public java.lang.String org.springframework.samples.petclinic.web.OwnerController.processFindForm(org.springframework.samples.petclinic.model.Owner,org.springframework.validation.BindingResult,java.util.Map<java.lang.String, java.lang.Object>)
2021-09-03 05:12:13.033  INFO 1 --- [main] s.w.s.m.m.a.RequestMappingHandlerMapping : Mapped "{[/owners/{ownerId}/edit],methods=[GET]}" onto public java.lang.String org.springframework.samples.petclinic.web.OwnerController.initUpdateOwnerForm(int,org.springframework.ui.Model)
2021-09-03 05:12:13.033  INFO 1 --- [main] s.w.s.m.m.a.RequestMappingHandlerMapping : Mapped "{[/owners/{ownerId}/edit],methods=[POST]}" onto public java.lang.String org.springframework.samples.petclinic.web.OwnerController.processUpdateOwnerForm(org.springframework.samples.petclinic.model.Owner,org.springframework.validation.BindingResult,int)
2021-09-03 05:12:13.043  INFO 1 --- [main] s.w.s.m.m.a.RequestMappingHandlerMapping : Mapped "{[/owners/{ownerId}]}" onto public org.springframework.web.servlet.ModelAndView org.springframework.samples.petclinic.web.OwnerController.showOwner(int)
2021-09-03 05:12:13.046  INFO 1 --- [main] s.w.s.m.m.a.RequestMappingHandlerMapping : Mapped "{[/owners/{ownerId}/pets/new],methods=[GET]}" onto public java.lang.String org.springframework.samples.petclinic.web.PetController.initCreationForm(org.springframework.samples.petclinic.model.Owner,org.springframework.ui.ModelMap)
2021-09-03 05:12:13.047  INFO 1 --- [main] s.w.s.m.m.a.RequestMappingHandlerMapping : Mapped "{[/owners/{ownerId}/pets/{petId}/edit],methods=[GET]}" onto public java.lang.String org.springframework.samples.petclinic.web.PetController.initUpdateForm(int,org.springframework.ui.ModelMap)
2021-09-03 05:12:13.047  INFO 1 --- [main] s.w.s.m.m.a.RequestMappingHandlerMapping : Mapped "{[/owners/{ownerId}/pets/{petId}/edit],methods=[POST]}" onto public java.lang.String org.springframework.samples.petclinic.web.PetController.processUpdateForm(org.springframework.samples.petclinic.model.Pet,org.springframework.validation.BindingResult,org.springframework.samples.petclinic.model.Owner,org.springframework.ui.ModelMap)
2021-09-03 05:12:13.048  INFO 1 --- [main] s.w.s.m.m.a.RequestMappingHandlerMapping : Mapped "{[/owners/{ownerId}/pets/new],methods=[POST]}" onto public java.lang.String org.springframework.samples.petclinic.web.PetController.processCreationForm(org.springframework.samples.petclinic.model.Owner,org.springframework.samples.petclinic.model.Pet,org.springframework.validation.BindingResult,org.springframework.ui.ModelMap)
2021-09-03 05:12:13.049  INFO 1 --- [main] s.w.s.m.m.a.RequestMappingHandlerMapping : Mapped "{[/vets.json || /vets.xml]}" onto public org.springframework.samples.petclinic.model.Vets org.springframework.samples.petclinic.web.VetController.showResourcesVetList()
2021-09-03 05:12:13.050  INFO 1 --- [main] s.w.s.m.m.a.RequestMappingHandlerMapping : Mapped "{[/vets.html]}" onto public java.lang.String org.springframework.samples.petclinic.web.VetController.showVetList(java.util.Map<java.lang.String, java.lang.Object>)
2021-09-03 05:12:13.052  INFO 1 --- [main] s.w.s.m.m.a.RequestMappingHandlerMapping : Mapped "{[/owners/*/pets/{petId}/visits/new],methods=[GET]}" onto public java.lang.String org.springframework.samples.petclinic.web.VisitController.initNewVisitForm(int,java.util.Map<java.lang.String, java.lang.Object>)
2021-09-03 05:12:13.053  INFO 1 --- [main] s.w.s.m.m.a.RequestMappingHandlerMapping : Mapped "{[/owners/{ownerId}/pets/{petId}/visits/new],methods=[POST]}" onto public java.lang.String org.springframework.samples.petclinic.web.VisitController.processNewVisitForm(org.springframework.samples.petclinic.model.Visit,org.springframework.validation.BindingResult)
2021-09-03 05:12:13.053  INFO 1 --- [main] s.w.s.m.m.a.RequestMappingHandlerMapping : Mapped "{[/owners/*/pets/{petId}/visits],methods=[GET]}" onto public java.lang.String org.springframework.samples.petclinic.web.VisitController.showVisits(int,java.util.Map<java.lang.String, java.lang.Object>)
2021-09-03 05:12:13.057  INFO 1 --- [main] s.w.s.m.m.a.RequestMappingHandlerMapping : Mapped "{[/]}" onto public java.lang.String org.springframework.samples.petclinic.web.WelcomeController.welcome()
2021-09-03 05:12:13.061  INFO 1 --- [main] s.w.s.m.m.a.RequestMappingHandlerMapping : Mapped "{[/api/oups],methods=[GET]}" onto java.lang.String org.springframework.samples.petclinic.web.api.FailingApiController.failingRequest()
2021-09-03 05:12:13.066  INFO 1 --- [main] s.w.s.m.m.a.RequestMappingHandlerMapping : Mapped "{[/api/owner/list],methods=[GET]}" onto public java.util.Collection<org.springframework.samples.petclinic.model.Owner> org.springframework.samples.petclinic.web.api.OwnerResource.findOwnerCollection(java.lang.String)
2021-09-03 05:12:13.067  INFO 1 --- [main] s.w.s.m.m.a.RequestMappingHandlerMapping : Mapped "{[/api/owner/{ownerId}],methods=[PUT]}" onto public org.springframework.samples.petclinic.model.Owner org.springframework.samples.petclinic.web.api.OwnerResource.updateOwner(int,org.springframework.samples.petclinic.model.Owner,org.springframework.validation.BindingResult)
2021-09-03 05:12:13.068  INFO 1 --- [main] s.w.s.m.m.a.RequestMappingHandlerMapping : Mapped "{[/api/owner],methods=[POST]}" onto public org.springframework.samples.petclinic.model.Owner org.springframework.samples.petclinic.web.api.OwnerResource.createOwner(org.springframework.samples.petclinic.model.Owner,org.springframework.validation.BindingResult)
2021-09-03 05:12:13.069  INFO 1 --- [main] s.w.s.m.m.a.RequestMappingHandlerMapping : Mapped "{[/api/owner/{ownerId}],methods=[GET]}" onto public org.springframework.samples.petclinic.model.Owner org.springframework.samples.petclinic.web.api.OwnerResource.findOwner(int)
2021-09-03 05:12:13.076  INFO 1 --- [main] s.w.s.m.m.a.RequestMappingHandlerMapping : Mapped "{[/api/pettypes],methods=[GET]}" onto java.lang.Object org.springframework.samples.petclinic.web.api.PetResource.getPetTypes()
2021-09-03 05:12:13.077  INFO 1 --- [main] s.w.s.m.m.a.RequestMappingHandlerMapping : Mapped "{[/api/owners/{ownerId}/pets],methods=[POST]}" onto public void org.springframework.samples.petclinic.web.api.PetResource.addNewPet(int,org.springframework.samples.petclinic.web.api.PetRequest,org.springframework.validation.BindingResult)
2021-09-03 05:12:13.078  INFO 1 --- [main] s.w.s.m.m.a.RequestMappingHandlerMapping : Mapped "{[/api/owners/*/pets/{petId}],methods=[GET]}" onto public org.springframework.samples.petclinic.web.api.PetRequest org.springframework.samples.petclinic.web.api.PetResource.findPet(int)
2021-09-03 05:12:13.079  INFO 1 --- [main] s.w.s.m.m.a.RequestMappingHandlerMapping : Mapped "{[/api/owners/{ownerId}/pets/{petId}],methods=[PUT]}" onto public void org.springframework.samples.petclinic.web.api.PetResource.processUpdateForm(int,org.springframework.samples.petclinic.web.api.PetRequest,org.springframework.validation.BindingResult)
2021-09-03 05:12:13.081  INFO 1 --- [main] s.w.s.m.m.a.RequestMappingHandlerMapping : Mapped "{[/api/vets],methods=[GET]}" onto public java.util.Collection<org.springframework.samples.petclinic.model.Vet> org.springframework.samples.petclinic.web.api.VetResource.showResourcesVetList()
2021-09-03 05:12:13.083  INFO 1 --- [main] s.w.s.m.m.a.RequestMappingHandlerMapping : Mapped "{[/api/owners/{ownerId}/pets/{petId}/visits],methods=[POST]}" onto public void org.springframework.samples.petclinic.web.api.VisitResource.createÏ(int,org.springframework.samples.petclinic.model.Visit,org.springframework.validation.BindingResult)
2021-09-03 05:12:13.422  INFO 1 --- [main] o.s.w.s.handler.SimpleUrlHandlerMapping  : Mapped URL path [/webjars/**] onto handler of type [class org.springframework.web.servlet.resource.ResourceHttpRequestHandler]
2021-09-03 05:12:13.444  INFO 1 --- [main] o.s.w.s.handler.SimpleUrlHandlerMapping  : Mapped URL path [/**] onto handler of type [class org.springframework.web.servlet.resource.ResourceHttpRequestHandler]
2021-09-03 05:12:13.497  INFO 1 --- [main] .m.m.a.ExceptionHandlerExceptionResolver : Detected @ExceptionHandler methods in apiExceptionHandler
2021-09-03 05:12:13.577  INFO 1 --- [main] o.s.w.s.handler.SimpleUrlHandlerMapping  : Mapped URL path [/**/favicon.ico] onto handler of type [class org.springframework.web.servlet.resource.ResourceHttpRequestHandler]
2021-09-03 05:12:15.383  INFO 1 --- [main] o.s.b.a.e.mvc.EndpointHandlerMapping     : Mapped "{[/manage/mappings || /manage/mappings.json],methods=[GET],produces=[application/json]}" onto public java.lang.Object org.springframework.boot.actuate.endpoint.mvc.EndpointMvcAdapter.invoke()
2021-09-03 05:12:15.384  INFO 1 --- [main] o.s.b.a.e.mvc.EndpointHandlerMapping     : Mapped "{[/manage/dump || /manage/dump.json],methods=[GET],produces=[application/json]}" onto public java.lang.Object org.springframework.boot.actuate.endpoint.mvc.EndpointMvcAdapter.invoke()
2021-09-03 05:12:15.385  INFO 1 --- [main] o.s.b.a.e.mvc.EndpointHandlerMapping     : Mapped "{[/manage/env/{name:.*}],methods=[GET],produces=[application/json]}" onto public java.lang.Object org.springframework.boot.actuate.endpoint.mvc.EnvironmentMvcEndpoint.value(java.lang.String)
2021-09-03 05:12:15.386  INFO 1 --- [main] o.s.b.a.e.mvc.EndpointHandlerMapping     : Mapped "{[/manage/env || /manage/env.json],methods=[GET],produces=[application/json]}" onto public java.lang.Object org.springframework.boot.actuate.endpoint.mvc.EndpointMvcAdapter.invoke()
2021-09-03 05:12:15.387  INFO 1 --- [main] o.s.b.a.e.mvc.EndpointHandlerMapping     : Mapped "{[/manage/autoconfig || /manage/autoconfig.json],methods=[GET],produces=[application/json]}" onto public java.lang.Object org.springframework.boot.actuate.endpoint.mvc.EndpointMvcAdapter.invoke()
2021-09-03 05:12:15.388  INFO 1 --- [main] o.s.b.a.e.mvc.EndpointHandlerMapping     : Mapped "{[/manage/logfile || /manage/logfile.json],methods=[GET || HEAD]}" onto public void org.springframework.boot.actuate.endpoint.mvc.LogFileMvcEndpoint.invoke(javax.servlet.http.HttpServletRequest,javax.servlet.http.HttpServletResponse) throws javax.servlet.ServletException,java.io.IOException
2021-09-03 05:12:15.396  INFO 1 --- [main] o.s.b.a.e.mvc.EndpointHandlerMapping     : Mapped "{[/manage/configprops || /manage/configprops.json],methods=[GET],produces=[application/json]}" onto public java.lang.Object org.springframework.boot.actuate.endpoint.mvc.EndpointMvcAdapter.invoke()
2021-09-03 05:12:15.397  INFO 1 --- [main] o.s.b.a.e.mvc.EndpointHandlerMapping     : Mapped "{[/manage/health || /manage/health.json],produces=[application/json]}" onto public java.lang.Object org.springframework.boot.actuate.endpoint.mvc.HealthMvcEndpoint.invoke(java.security.Principal)
2021-09-03 05:12:15.401  INFO 1 --- [main] o.s.b.a.e.mvc.EndpointHandlerMapping     : Mapped "{[/manage/beans || /manage/beans.json],methods=[GET],produces=[application/json]}" onto public java.lang.Object org.springframework.boot.actuate.endpoint.mvc.EndpointMvcAdapter.invoke()
2021-09-03 05:12:15.401  INFO 1 --- [main] o.s.b.a.e.mvc.EndpointHandlerMapping     : Mapped "{[/manage/heapdump || /manage/heapdump.json],methods=[GET],produces=[application/octet-stream]}" onto public void org.springframework.boot.actuate.endpoint.mvc.HeapdumpMvcEndpoint.invoke(boolean,javax.servlet.http.HttpServletRequest,javax.servlet.http.HttpServletResponse) throws java.io.IOException,javax.servlet.ServletException
2021-09-03 05:12:15.402  INFO 1 --- [main] o.s.b.a.e.mvc.EndpointHandlerMapping     : Mapped "{[/manage/info || /manage/info.json],methods=[GET],produces=[application/json]}" onto public java.lang.Object org.springframework.boot.actuate.endpoint.mvc.EndpointMvcAdapter.invoke()
2021-09-03 05:12:15.404  INFO 1 --- [main] o.s.b.a.e.mvc.EndpointHandlerMapping     : Mapped "{[/manage/metrics/{name:.*}],methods=[GET],produces=[application/json]}" onto public java.lang.Object org.springframework.boot.actuate.endpoint.mvc.MetricsMvcEndpoint.value(java.lang.String)
2021-09-03 05:12:15.405  INFO 1 --- [main] o.s.b.a.e.mvc.EndpointHandlerMapping     : Mapped "{[/manage/metrics || /manage/metrics.json],methods=[GET],produces=[application/json]}" onto public java.lang.Object org.springframework.boot.actuate.endpoint.mvc.EndpointMvcAdapter.invoke()
2021-09-03 05:12:15.406  INFO 1 --- [main] o.s.b.a.e.mvc.EndpointHandlerMapping     : Mapped "{[/manage/trace || /manage/trace.json],methods=[GET],produces=[application/json]}" onto public java.lang.Object org.springframework.boot.actuate.endpoint.mvc.EndpointMvcAdapter.invoke()
2021-09-03 05:12:15.908  INFO 1 --- [main] o.s.j.e.a.AnnotationMBeanExporter        : Registering beans for JMX exposure on startup
2021-09-03 05:12:15.931  INFO 1 --- [main] o.s.c.support.DefaultLifecycleProcessor  : Starting beans in phase 0
2021-09-03 05:12:16.315  INFO 1 --- [main] s.b.c.e.t.TomcatEmbeddedServletContainer : Tomcat started on port(s): 8080 (http)
2021-09-03 05:12:16.323  INFO 1 --- [main] o.s.s.petclinic.PetClinicApplication     : Started PetClinicApplication in 21.109 seconds (JVM running for 41.776)
